<?xml version="1.0" encoding="UTF-8"?>
<testng-results ignored="0" total="1" passed="1" failed="0" skipped="0">
  <reporter-output>
  </reporter-output>
  <suite started-at="2022-08-10T01:33:41 PKT" name="DemoProject" finished-at="2022-08-10T01:34:02 PKT" duration-ms="21880">
    <groups>
    </groups>
    <test started-at="2022-08-10T01:33:41 PKT" name="LoginTest_Chrome" finished-at="2022-08-10T01:34:02 PKT" duration-ms="21880">
      <class name="com.demo.testCases.TC_LoginTest_001">
        <test-method is-config="true" signature="setup(java.lang.String)[pri:0, instance:com.demo.testCases.TC_LoginTest_001@5ab9e72c]" started-at="2022-08-10T01:33:41 PKT" name="setup" finished-at="2022-08-10T01:33:54 PKT" duration-ms="13362" status="PASS">
          <params>
            <param index="0">
              <value>
                <![CDATA[chrome]]>
              </value>
            </param>
          </params>
          <reporter-output>
          </reporter-output>
        </test-method> <!-- setup -->
        <test-method signature="loginTest()[pri:0, instance:com.demo.testCases.TC_LoginTest_001@5ab9e72c]" started-at="2022-08-10T01:33:54 PKT" name="loginTest" finished-at="2022-08-10T01:34:02 PKT" duration-ms="7986" status="PASS">
          <reporter-output>
          </reporter-output>
        </test-method> <!-- loginTest -->
        <test-method is-config="true" signature="tearDown()[pri:0, instance:com.demo.testCases.TC_LoginTest_001@5ab9e72c]" started-at="2022-08-10T01:34:02 PKT" name="tearDown" finished-at="2022-08-10T01:34:02 PKT" duration-ms="184" status="PASS">
          <reporter-output>
          </reporter-output>
        </test-method> <!-- tearDown -->
      </class> <!-- com.demo.testCases.TC_LoginTest_001 -->
    </test> <!-- LoginTest_Chrome -->
  </suite> <!-- DemoProject -->
</testng-results>
